[12:36:40] [ServerMain/INFO]: [bootstrap] Running Java 25 (OpenJDK 64-Bit Server VM 25.0.3+9-LTS; Eclipse Adoptium Temurin-25.0.3+9) on Windows 11 10.0 (amd64)
[12:36:40] [ServerMain/INFO]: [bootstrap] Loading Paper 26.1.2-65-main@fd45f4b (2026-05-22T09:47:01Z) for Minecraft 26.1.2
[12:36:40] [ServerMain/INFO]: [PluginInitializerManager] Initializing plugins...
[12:36:40] [ServerMain/INFO]: [PluginInitializerManager] Initialized 1 plugin
[12:36:40] [ServerMain/INFO]: [PluginInitializerManager] Bukkit plugins (1):
 - PrimeLibs (1.0.0-SNAPSHOT)
[12:36:43] [ServerMain/INFO]: Environment: Environment[sessionHost=https://sessionserver.mojang.com, servicesHost=https://api.minecraftservices.com, profilesHost=https://api.mojang.com, name=PROD]
[12:36:44] [ServerMain/INFO]: Loaded 1515 recipes
[12:36:44] [ServerMain/INFO]: Loaded 1617 advancements
[12:36:44] [ServerMain/INFO]: [ca.spottedleaf.dataconverter.minecraft.datatypes.MCTypeRegistry] Initialising converters for DataConverter...
[12:36:44] [ServerMain/INFO]: [ca.spottedleaf.dataconverter.minecraft.datatypes.MCTypeRegistry] Finished initialising converters for DataConverter in 166.4ms
[12:36:44] [Server thread/INFO]: Starting minecraft server version 26.1.2
[12:36:44] [Server thread/INFO]: Loading properties
[12:36:44] [Server thread/INFO]: This server is running Paper version 26.1.2-65-main@fd45f4b (2026-05-22T09:47:01Z) (Implementing API version 26.1.2.build.65-stable)
[12:36:44] [Server thread/INFO]: [spark] This server bundles the spark profiler. For more information please visit https://docs.papermc.io/paper/profiling
[12:36:44] [Server thread/INFO]: Server Ping Player Sample Count: 12
[12:36:44] [Server thread/INFO]: Using 4 threads for Netty based IO
[12:36:44] [Server thread/INFO]: [MoonriseCommon] Paper is using 3 worker threads, 1 I/O threads
[12:36:44] [Server thread/INFO]: Default game type: SURVIVAL
[12:36:44] [Server thread/INFO]: Generating keypair
[12:36:44] [Server thread/INFO]: Starting Minecraft server on *:25565
[12:36:44] [Server thread/INFO]: Paper: Using Java compression from Velocity.
[12:36:44] [Server thread/INFO]: Paper: Using Java cipher from Velocity.
[12:36:44] [Server thread/INFO]: [PrimeLibs] Loading server plugin PrimeLibs v1.0.0-SNAPSHOT
[12:36:44] [Server thread/INFO]: Server permissions file permissions.yml is empty, ignoring it
[12:36:44] [Server thread/INFO]: Preparing level "world"
[12:36:45] [Server thread/INFO]: Loading 0 persistent chunks for level 'minecraft:overworld'...
[12:36:45] [Server thread/INFO]: Preparing spawn area: 100%
[12:36:45] [Server thread/INFO]: Prepared spawn area in 2 ms
[12:36:45] [Server thread/INFO]: Loading 0 persistent chunks for level 'minecraft:the_nether'...
[12:36:45] [Server thread/INFO]: Prepared spawn area in 1 ms
[12:36:45] [Server thread/INFO]: Loading 0 persistent chunks for level 'minecraft:the_end'...
[12:36:45] [Server thread/INFO]: Prepared spawn area in 1 ms
[12:36:45] [Server thread/INFO]: Done preparing level "world" (0.292s)
[12:36:45] [Server thread/INFO]: [PrimeLibs] Enabling PrimeLibs v1.0.0-SNAPSHOT
[12:36:45] [Server thread/INFO]: [PrimeLibs]  
[12:36:45] [Server thread/INFO]: [PrimeLibs]   ____       _                _     _ _
[12:36:45] [Server thread/INFO]: [PrimeLibs]  |  _ \ _ __(_)_ __ ___   ___| |   (_) |__  ___
[12:36:45] [Server thread/INFO]: [PrimeLibs]  | |_) | '__| | '_ ` _ \ / _ \ |   | | '_ \/ __|
[12:36:45] [Server thread/INFO]: [PrimeLibs]  |  __/| |  | | | | | | |  __/ |___| | |_) \__ \
[12:36:45] [Server thread/INFO]: [PrimeLibs]  |_|   |_|  |_|_| |_| |_|\___|_____|_|_.__/|___/
[12:36:45] [Server thread/INFO]: [PrimeLibs]  Platform : PAPER
[12:36:45] [Server thread/INFO]: [PrimeLibs]  Version  : 26.1.2
[12:36:45] [Server thread/INFO]: [PrimeLibs]  Adapter  : paper-26_1_2
[12:36:45] [Server thread/INFO]: [PrimeLibs]  
[12:36:45] [Server thread/INFO]: [spark] Starting background profiler...
[12:36:45] [Server thread/INFO]: [spark] The async-profiler engine is not supported for your os/arch (windows11/amd64), so the built-in Java engine will be used instead.
[12:36:45] [Server thread/INFO]: Saving chunks for level 'ServerLevel[world]'/minecraft:overworld
[12:36:45] [Server thread/INFO]: Saving chunks for level 'ServerLevel[world]'/minecraft:the_nether
[12:36:45] [Server thread/INFO]: Saving chunks for level 'ServerLevel[world]'/minecraft:the_end
[12:36:45] [Server thread/INFO]: ThreadedAnvilChunkStorage (world): All chunks are saved
[12:36:45] [Server thread/INFO]: ThreadedAnvilChunkStorage (DIM-1): All chunks are saved
[12:36:45] [Server thread/INFO]: ThreadedAnvilChunkStorage (DIM1): All chunks are saved
[12:36:45] [Server thread/INFO]: ThreadedAnvilChunkStorage: All dimensions are saved
[12:36:45] [Server thread/INFO]: Running delayed init tasks
[12:36:45] [Server thread/INFO]: Done (5.575s)! For help, type "help"
